Initial Agilent Pass.
DECT Set Agilent for leakage current test
Test Pass

DECT measure Agilent instant current test
Agilent 663xx Returned Value: 0.596533mA
Test Pass

DECT measure Agilent leakage current test
Agilent 663xx Returned Value: 0.076045mA
Test Pass

DECT measure Agilent power on current test
Agilent 663xx Returned Value: 156.576004mA
Test Pass

DECT Enter Test Mode Test
0x08 0x10 0x06 0x82 0x00 0x04 0xF0 0xE6 0x90 
0x08 0xE6 0x00 0x00 0xF0 0x84 0x48 0x08 
Test Pass

DECT GetChargerStatus
0x08 0x10 0x06 0x82 0x00 0x86 0xF1 0xE6 0x13 
0x06 0xE6 0x00 0x8B 0xF1 0x00 
Test Pass

DECT Set Agilent for charging current test
Test Pass

DECT GetChargerStatus
0x08 0x10 0x06 0x82 0x00 0x86 0xF1 0xE6 0x13 
0x06 0xE6 0x00 0x8B 0xF1 0x00 
Test Pass

