Initial Agilent Pass.
DECT Set Agilent for leakage current test
Test Pass

DECT measure Agilent instant current test
Agilent 663xx Returned Value: 0.872314mA
Test Pass

DECT measure Agilent leakage current test
Agilent 663xx Returned Value: 0.295957mA
Test Pass

DECT measure Agilent power on current test
Agilent 663xx Returned Value: 191.132996mA
Test Pass

DECT Enter Test Mode Test
0x08 0x10 0x06 0x82 0x00 0x04 0xF0 0xE6 0x90 
0x00 0x00 0x00 0x00 0x00 0x00 0x00 0x00 
0x08 0xE6 0x00 0x00 0xF0 0x84 
0x08 0x10 0x06 0x82 0x00 0x04 0xF0 0xE6 0x90 
0x00 0x00 0x00 0x00 0x00 0x00 0x00 0x00 
0x08 0xE6 0x00 0x00 0xF0 0x84 
0x08 0x10 0x06 0x82 0x00 0x04 0xF0 0xE6 0x90 
0x00 0x00 0x00 0x00 0x00 0x00 0x00 0x00 
0x08 0xE6 0x00 0x00 0xF0 0x84 
0x08 0x10 0x06 0x82 0x00 0x04 0xF0 0xE6 0x90 
0x00 0x00 0x00 0x00 0x00 0x00 0x00 0x00 
0x08 0xE6 0x00 0x00 0xF0 0x84 
0x08 0x10 0x06 0x82 0x00 0x04 0xF0 0xE6 0x90 
0x00 0x00 0x00 0x00 0x00 0x00 0x00 0x00 
0x08 0xE6 0x00 0x00 0xF0 0x84 
0x08 0x10 0x06 0x82 0x00 0x04 0xF0 0xE6 0x90 
0x00 0x00 0x00 0x00 0x00 0x00 0x00 0x00 
0x08 0xE6 0x00 0x00 0xF0 0x84 
0x08 0x10 0x06 0x82 0x00 0x04 0xF0 0xE6 0x90 
0x00 0x00 0x00 0x00 0x00 0x00 0x00 0x00 
0x08 0xE6 0x00 0x00 0xF0 0x84 
0x08 0x10 0x06 0x82 0x00 0x04 0xF0 0xE6 0x90 
0x00 0x00 0x00 0x00 0x00 0x00 0x00 0x00 
0x08 0xE6 0x00 0x00 0xF0 0x84 
0x08 0x10 0x06 0x82 0x00 0x04 0xF0 0xE6 0x90 
0x00 0x00 0x00 0x00 0x00 0x00 0x00 0x00 
0x08 0xE6 0x00 0x00 0xF0 0x84 
0x08 0x10 0x06 0x82 0x00 0x04 0xF0 0xE6 0x90 
0x00 0x00 0x00 0x00 0x00 0x00 0x00 0x00 
0x08 0xE6 0x00 0x00 0xF0 0x84 
Test Fail

