Initial Agilent Pass.
DECT Set Agilent for leakage current test
Test Pass

DECT measure Agilent instant current test
Agilent 663xx Returned Value: 0.847216mA
Test Pass

DECT measure Agilent leakage current test
Agilent 663xx Returned Value: 0.302672mA
Test Pass

DECT P3V Voltage Measure Test
measure voltage : 3.002642 

Test Pass

DECT measure Agilent power on current test
Agilent 663xx Returned Value: 218.257996mA
Test Pass

DECT Enter Test Mode Test
0x08 0x10 0x06 0x82 0x00 0x04 0xF0 0xE6 0x90 
0x08 0xE6 0x00 0x00 0xF0 0x84 0x48 0x08 
Test Pass

DECT GetChargerStatus
0x08 0x10 0x06 0x82 0x00 0x86 0xF1 0xE6 0x13 
0x06 0xE6 0x00 0x8B 0xF1 0x00 
Test Pass

DECT Set Agilent for charging current test
Test Pass

DECT GetChargerStatus
0x08 0x10 0x06 0x82 0x00 0x86 0xF1 0xE6 0x13 
0x06 0xE6 0x00 0x8B 0xF1 0x02 
Test Pass

DECT measure Agilent charging current test
Agilent 663xx Returned Value: 726.616028mA
Test Pass

DECT Read Error Counter Test
0x0B 0x10 0x09 0x82 0x00 0x40 0xF0 0xE6 0xDF 0x01 0x05 0x0F 
0x0D 0xE6 0x00 0x41 0xF0 0xDF 0x01 0x05 0x02 0xFF 0xFF 0x06 0x06 
Cumulative Error Counter: 2 
Test Pass

DECT P1V8 Voltage Adjustment Test
0x08 0x10 0x06 0x82 0x00 0x67 0xF1 0xE6 0xF2 
Old Calibration Factor: 7 
Reference Voltage(1.8V): 1.795433 
0x09 0x10 0x07 0x82 0x00 0xE0 0xF1 0xE6 0x00 0x75 
Temp Voltage(1.8V): 1.696527 
Temp Voltage(1.8V): 1.696527 
Temp Voltage(1.8V): 1.694144 
Temp Voltage(1.8V): 1.695931 
Temp Voltage(1.8V): 1.694740 
0x09 0x10 0x07 0x82 0x00 0xE0 0xF1 0xE6 0x01 0x74 
Temp Voltage(1.8V): 1.704869 
Temp Voltage(1.8V): 1.660778 
Temp Voltage(1.8V): 1.712019 
Temp Voltage(1.8V): 1.712019 
Temp Voltage(1.8V): 1.712019 
0x09 0x10 0x07 0x82 0x00 0xE0 0xF1 0xE6 0x02 0x77 
Temp Voltage(1.8V): 1.729297 
Temp Voltage(1.8V): 1.729893 
Temp Voltage(1.8V): 1.728701 
Temp Voltage(1.8V): 1.720360 
Temp Voltage(1.8V): 1.729297 
0x09 0x10 0x07 0x82 0x00 0xE0 0xF1 0xE6 0x03 0x76 
Temp Voltage(1.8V): 1.745384 
Temp Voltage(1.8V): 1.745384 
Temp Voltage(1.8V): 1.745980 
Temp Voltage(1.8V): 1.744788 
Temp Voltage(1.8V): 1.745384 
0x09 0x10 0x07 0x82 0x00 0xE0 0xF1 0xE6 0x04 0x71 
Temp Voltage(1.8V): 1.759684 
Temp Voltage(1.8V): 1.760280 
Temp Voltage(1.8V): 1.751342 
Temp Voltage(1.8V): 1.756109 
Temp Voltage(1.8V): 1.747172 
0x09 0x10 0x07 0x82 0x00 0xE0 0xF1 0xE6 0x05 0x70 
Temp Voltage(1.8V): 1.777558 
Temp Voltage(1.8V): 1.766238 
Temp Voltage(1.8V): 1.760280 
Temp Voltage(1.8V): 1.768025 
Temp Voltage(1.8V): 1.775771 
0x09 0x10 0x07 0x82 0x00 0xE0 0xF1 0xE6 0x06 0x73 
Temp Voltage(1.8V): 1.787687 
Temp Voltage(1.8V): 1.784112 
Temp Voltage(1.8V): 1.762663 
Temp Voltage(1.8V): 1.778750 
Temp Voltage(1.8V): 1.788283 
0x09 0x10 0x07 0x82 0x00 0xE0 0xF1 0xE6 0x07 0x72 
Temp Voltage(1.8V): 1.800199 
Temp Voltage(1.8V): 1.793645 
Reference Voltage(1.8V): 1.793645 
New Calibration Factor: 7 
0x0C 0x10 0x0A 0x82 0x00 0x42 0xF0 0xEB 0x67 0xF1 0x01 0x07 0x4B 
0x07 0xEB 0x00 0x43 0xF0 0x67 0xF1 
Test Pass

DECT Activate Ref CLK Test
0x08 0x10 0x06 0x82 0x00 0x5D 0xF1 0xE6 0xC8 
0x06 0xE6 0x00 0x5E 0xF1 0xA3 
Measured Frequency: 0.000000 Hz
Test Fail

DECT EEPROM Write Fail Test
0x0C 0x10 0x0A 0x82 0x00 0x42 0xF0 0xEB 0x01 0x00 0x01 0x01 0xDA 
0x07 0xEB 0x00 0x43 0xF0 0x01 0x00 
Test Pass

DECT Power Off Test
0x08 0x10 0x06 0x82 0x00 0x16 0xF0 0xE6 0x82 
0x06 0xE6 0x00 0x17 0xF0 0x02 
Test Pass

