Initial Agilent Pass.
DECT Set Agilent for leakage current test
Test Pass

DECT measure Agilent instant current test
Agilent 663xx Returned Value: 0.903326mA
Test Pass

DECT measure Agilent leakage current test
Agilent 663xx Returned Value: 0.298643mA
Test Pass

DECT measure Agilent power on current test
Agilent 663xx Returned Value: 0.881472mA
Agilent 663xx Returned Value: 0.847895mA
Agilent 663xx Returned Value: 0.855763mA
Agilent 663xx Returned Value: 0.859443mA
Agilent 663xx Returned Value: 0.889746mA
Agilent 663xx Returned Value: 0.880621mA
Agilent 663xx Returned Value: 0.895099mA
Agilent 663xx Returned Value: 0.877740mA
Agilent 663xx Returned Value: 0.862148mA
Agilent 663xx Returned Value: 0.852548mA
Test Fail

