DECT Enter Enhanced Test Mode Test
0x08 0x10 0x06 0x82 0x00 0x00 0xF7 0xE6 0x93 
0x05 0xE6 0x00 0x01 0xF7 
COM Port: 17
Test Pass

DECT Read Error Counter Test
0x0B 0x10 0x09 0x82 0x00 0x40 0xF0 0xE6 0xDF 0x01 0x05 0x0F 
0x0D 0xE6 0x00 0x41 0xF0 0xDF 0x01 0x05 0x00 0xFF 0xFF 0x06 0x06 
Cumulative Error Counter: 0 
Test Pass

DECT Reset EEPROM Test Flow Test 
0x0C 0x10 0x0A 0x82 0x00 0x42 0xF0 0xEB 0x01 0x00 0x01 0x00 0xDB 
0x07 0xEB 0x00 0x43 0xF0 0x01 0x00 
Test Pass

DECT Serial Number Verification Test
0x0B 0x10 0x09 0x82 0x00 0x40 0xF0 0xE6 0x05 0x00 0x05 0xD4 
0x0D 0xE6 0x00 0x41 0xF0 0x05 0x00 0x05 0x4A 0x57 0x30 0x30 0x42 0xEE 
VERS_SNO = JW00B
Test Pass

DECT Verify IPEI Test
0x13 0x10 0x11 0x82 0x00 0xC3 0xF1 0xE6 0x02 0x56 0x45 0x52 0x53 0x2D 0x49 0x50 0x45 0x49 0x00 0x7E 
0x21 0xE6 0x00 0xC4 0xF1 0x02 0x00 0x56 0x45 0x52 0x53 0x2D 0x49 0x50 0x45 0x49 0x3A 0x31 0x32 0x35 0x31 0x39 0x20 0x30 0x30 0x30 0x30 0x37 0x34 0x30 0x20 0x37 0x00 0x1D 
READ IPEI = 12519 0000740 7
EXPECTED IPEI = 12519 0000740 7
Test Pass

DECT Verify MAC Address Test
0x0E 0x10 0x0C 0x82 0x00 0xA2 0xF1 0xE6 0x06 0x80 0x00 0x00 0x08 0x00 0xB9 
0x14 0xE6 0x00 0xA3 0xF1 0x06 0x80 0x00 0x00 0x08 0x00 0x2D 0x00 0xD3 0xC8 0x42 0x00 0x30 0x00 0x2A 
MAC Address Read: 0030422DC8D3
MAC Address Expected: 0030422DC8D3
Test Pass

DECT Read Device MAC Address Test
0x0E 0x10 0x0C 0x82 0x00 0xA2 0xF1 0xE6 0x06 0x80 0x00 0x00 0x08 0x00 0xB9 
0x14 0xE6 0x00 0xA3 0xF1 0x06 0x80 0x00 0x00 0x08 0x00 0x2D 0x00 0xD3 0xC8 0x42 0x00 0x30 0x00 0x00 
MAC Address: 0030422DC8D3
Test Pass

Switching to USB
CLOSE
DECT Enter Test Mode USB Test
0x08 0x10 0x06 0x82 0x00 0x04 0xF0 0xE6 0x90 
0x08 0xE6 0x00 0x00 0xF0 0x84 
Test Pass

DECT Enter Bluetooth Test Mode USB Test
0x08 0x10 0x06 0x82 0x00 0x92 0xF1 0xE6 0x07 
0x00 0x00 0x00 0x00 0x00 0x00 
0x06 0xE6 0x00 0x98 0xF1 0x00 
0x08 0x10 0x06 0x82 0x00 0x92 0xF1 0xE6 0x07 
0x06 0xE6 0x00 0x98 0xF1 0x00 
Test Pass

DECT Enter Bluetooth Test Mode USB Test
0x08 0x10 0x06 0x82 0x00 0x92 0xF1 0xE6 0x07 
0x06 0xE6 0x00 0x98 0xF1 0x00 
Test Pass

Open_MT8852B Test
Test Pass

DECT Check Sync with MT8852B Test
Test Pass

DECT Set MT8852B in Loopback Mode
Test Pass

DECT Connect and Run Bluetooth Scripts MT8852B Test
.......................
Test Pass

DECT Measure Output Power MT8852B Test
XOP,HOPONM,TRUE,-22.82,-22.85,-22.48,-22.84,0,10,PASS
Test Pass

Close MT8852B Test
Test Pass

DECT Disable Bluetooth Test
0x08 0x10 0x06 0x82 0x00 0x64 0xF3 0xE6 0xF3 
0x05 0xE6 0x00 0x65 0xF3 
Test Pass

DECT Disconnect USB Cable Test

DECT EEPROM Write Final Date Test
0x0E 0x10 0x0C 0x82 0x00 0x42 0xF0 0xEB 0x14 0x00 0x03 0x13 0x09 0x04 0xD2 
0x00 0x00 0x00 0x00 0x00 0x00 0x00 
0x07 0xEB 0x00 0x43 0xF0 0x14 0x00 
0x0E 0x10 0x0C 0x82 0x00 0x42 0xF0 0xEB 0x14 0x00 0x03 0x13 0x09 0x04 0xD2 
0x00 0x00 0x00 0x00 0x00 0x00 0x00 
0x07 0xEB 0x00 0x43 0xF0 0x14 0x00 
0x0E 0x10 0x0C 0x82 0x00 0x42 0xF0 0xEB 0x14 0x00 0x03 0x13 0x09 0x04 0xD2 
0x00 0x00 0x00 0x00 0x00 0x00 0x00 
0x07 0xEB 0x00 0x43 0xF0 0x14 0x00 
0x0E 0x10 0x0C 0x82 0x00 0x42 0xF0 0xEB 0x14 0x00 0x03 0x13 0x09 0x04 0xD2 
0x00 0x00 0x00 0x00 0x00 0x00 0x00 
0x07 0xEB 0x00 0x43 0xF0 0x14 0x00 
0x0E 0x10 0x0C 0x82 0x00 0x42 0xF0 0xEB 0x14 0x00 0x03 0x13 0x09 0x04 0xD2 
0x00 0x00 0x00 0x00 0x00 0x00 0x00 
0x07 0xEB 0x00 0x43 0xF0 0x14 0x00 
0x0E 0x10 0x0C 0x82 0x00 0x42 0xF0 0xEB 0x14 0x00 0x03 0x13 0x09 0x04 0xD2 
0x00 0x00 0x00 0x00 0x00 0x00 0x00 
0x07 0xEB 0x00 0x43 0xF0 0x14 0x00 
0x0E 0x10 0x0C 0x82 0x00 0x42 0xF0 0xEB 0x14 0x00 0x03 0x13 0x09 0x04 0xD2 
0x07 0xEB 0x00 0x43 0xF0 0x14 0x00 
Test Pass

DECT EEPROM Write Pass Final Test
0x0C 0x10 0x0A 0x82 0x00 0x42 0xF0 0xEB 0x01 0x00 0x01 0x30 0xEB 
0x07 0xEB 0x00 0x43 0xF0 0x01 0x00 
Test Pass

DECT Make Backup Test
0x08 0x10 0x06 0x82 0x00 0xA8 0xF1 0xE6 0x3D 
0x07 0xE6 0x00 0xA9 0xF1 0x0A 0x00 
Test Pass

DECT Master Reset Test
0x08 0x10 0x06 0x82 0x00 0x00 0xF4 0xE6 0x90 
0x00 0x00 0x00 0x00 0x00 
0x05 0xE6 0x00 0x01 0xF4 
0x08 0x10 0x06 0x82 0x00 0x00 0xF4 0xE6 0x90 
0x05 0xE6 0x00 0x01 0xF4 
Test Pass

DECT Power Off Test
0x08 0x10 0x06 0x82 0x00 0x16 0xF0 0xE6 0x82 
0x06 0xE6 0x00 0x17 0xF0 0x02 
Test Pass

