DECT Enter Enhanced Test Mode Test
0x08 0x10 0x06 0x82 0x00 0x00 0xF7 0xE6 0x93 
0x05 0xE6 0x00 0x01 0xF7 
COM Port: 17
Test Pass

DECT Read Error Counter Test
0x0B 0x10 0x09 0x82 0x00 0x40 0xF0 0xE6 0xDF 0x01 0x05 0x0F 
0x0D 0xE6 0x00 0x41 0xF0 0xDF 0x01 0x05 0x00 0xFF 0xFF 0x06 0x06 
Cumulative Error Counter: 0 
Test Pass

DECT Reset EEPROM Test Flow Test 
0x0C 0x10 0x0A 0x82 0x00 0x42 0xF0 0xEB 0x01 0x00 0x01 0x00 0xDB 
0x07 0xEB 0x00 0x43 0xF0 0x01 0x00 
Test Pass

DECT Serial Number Verification Test
0x0B 0x10 0x09 0x82 0x00 0x40 0xF0 0xE6 0x05 0x00 0x05 0xD4 
0x0D 0xE6 0x00 0x41 0xF0 0x05 0x00 0x05 0x4A 0x57 0x30 0x30 0x42 0xEE 
VERS_SNO = JW00B
Test Pass

DECT Verify IPEI Test
0x13 0x10 0x11 0x82 0x00 0xC3 0xF1 0xE6 0x02 0x56 0x45 0x52 0x53 0x2D 0x49 0x50 0x45 0x49 0x00 0x7E 

READ IPEI = EXPECTED IPEI = 12519 0000740 7
Test Fail

DECT EEPROM Write Fail Test
0x0C 0x10 0x0A 0x82 0x00 0x42 0xF0 0xEB 0x01 0x00 0x01 0x02 0xD9 
0x00 0x00 0x00 0x00 0x00 0x00 0x00 
0x07 0xEB 0x00 0x43 0xF0 0x01 0x00 
0x0C 0x10 0x0A 0x82 0x00 0x42 0xF0 0xEB 0x01 0x00 0x01 0x02 0xD9 
0x00 0x00 0x00 0x00 0x00 0x00 0x00 
0x07 0xEB 0x00 0x43 0xF0 0x01 0x00 
0x0C 0x10 0x0A 0x82 0x00 0x42 0xF0 0xEB 0x01 0x00 0x01 0x02 0xD9 
0x07 0xEB 0x00 0x43 0xF0 0x01 0x00 
Test Pass

DECT Power Off Test
0x08 0x10 0x06 0x82 0x00 0x16 0xF0 0xE6 0x82 
0x06 0xE6 0x00 0x17 0xF0 0x02 
Test Pass

