Initial Agilent Pass.
DECT Set Agilent for leakage current test
Test Pass

DECT measure Agilent instant current test
Agilent 663xx Returned Value: 0.842206mA
Test Pass

DECT measure Agilent leakage current test
Agilent 663xx Returned Value: 0.303680mA
Test Pass

DECT measure Agilent power on current test
Agilent 663xx Returned Value: 203.281006mA
Test Pass

DECT Enter Test Mode Test
0x08 0x10 0x06 0x82 0x00 0x04 0xF0 0xE6 0x90 
0x08 0xE6 0x00 0x00 0xF0 0x84 0x48 0x08 
Test Pass

DECT GetChargerStatus
0x08 0x10 0x06 0x82 0x00 0x86 0xF1 0xE6 0x13 
0x06 0xE6 0x00 0x8B 0xF1 0x00 
Test Pass

DECT Set Agilent for charging current test
Test Pass

DECT GetChargerStatus
0x08 0x10 0x06 0x82 0x00 0x86 0xF1 0xE6 0x13 
0x06 0xE6 0x00 0x8B 0xF1 0x02 
Test Pass

DECT measure Agilent charging current test
Agilent 663xx Returned Value: 722.096985mA
Test Pass

DECT Read Error Counter Test
0x0B 0x10 0x09 0x82 0x00 0x40 0xF0 0xE6 0xDF 0x01 0x05 0x0F 
0x0D 0xE6 0x00 0x41 0xF0 0xDF 0x01 0x05 0x02 0xFF 0xFF 0x06 0x06 
Cumulative Error Counter: 2 
Test Pass

DECT EEPROM Write Fail Test
0x0C 0x10 0x0A 0x82 0x00 0x42 0xF0 0xEB 0x01 0x00 0x01 0x01 0xDA 
0x07 0xEB 0x00 0x43 0xF0 0x01 0x00 
Test Pass

DECT Power Off Test
0x08 0x10 0x06 0x82 0x00 0x16 0xF0 0xE6 0x82 
0x06 0xE6 0x00 0x17 0xF0 0x02 
Test Pass

